2020-08-24 14:37:24,962 INFO  [Log] **************************************************************************************** 
2020-08-24 14:37:24,963 INFO  [Log] **                    START SCENARIO EXECUTION Title of your scenario** 
2020-08-24 14:37:24,963 INFO  [Log] **************************************************************************************** 
2020-08-24 14:37:24,963 INFO  [Log] initialising properties.. 
2020-08-24 14:37:24,964 INFO  [Log] Properties initialised! 
2020-08-24 14:37:24,964 INFO  [Log] opening browser.. 
2020-08-24 14:37:24,964 INFO  [Log] Chrome.. 
2020-08-24 14:37:34,739 INFO  [Log] Navigating to..https://uk.rs-online.com/web/ 
2020-08-24 14:37:38,291 INFO  [Log] Closing browser after running the Scenario.. 
2020-08-24 14:37:38,291 INFO  [Log] **************************************************************************************** 
2020-08-24 14:37:38,291 INFO  [Log] **                    END SCENARIO EXECUTION Title of your scenario              ** 
2020-08-24 14:37:38,291 INFO  [Log] **************************************************************************************** 
2020-08-24 14:51:49,345 INFO  [Log] **************************************************************************************** 
2020-08-24 14:51:49,345 INFO  [Log] **                    START SCENARIO EXECUTION Title of your scenario** 
2020-08-24 14:51:49,345 INFO  [Log] **************************************************************************************** 
2020-08-24 14:51:49,345 INFO  [Log] initialising properties.. 
2020-08-24 14:51:49,345 INFO  [Log] Properties initialised! 
2020-08-24 14:51:49,346 INFO  [Log] opening browser.. 
2020-08-24 14:51:49,346 INFO  [Log] Chrome.. 
2020-08-24 14:51:57,472 INFO  [Log] Navigating to..https://uk.rs-online.com/web/ 
2020-08-24 14:52:03,245 INFO  [Log] Closing browser after running the Scenario.. 
2020-08-24 14:52:03,245 INFO  [Log] **************************************************************************************** 
2020-08-24 14:52:03,245 INFO  [Log] **                    END SCENARIO EXECUTION Title of your scenario              ** 
2020-08-24 14:52:03,245 INFO  [Log] **************************************************************************************** 
2020-08-24 15:18:20,589 INFO  [Log] **************************************************************************************** 
2020-08-24 15:18:20,590 INFO  [Log] **                    START SCENARIO EXECUTION Title of your scenario** 
2020-08-24 15:18:20,590 INFO  [Log] **************************************************************************************** 
2020-08-24 15:18:20,590 INFO  [Log] initialising properties.. 
2020-08-24 15:18:20,590 INFO  [Log] Properties initialised! 
2020-08-24 15:18:20,591 INFO  [Log] opening browser.. 
2020-08-24 15:18:20,591 INFO  [Log] Chrome.. 
2020-08-24 15:18:28,113 INFO  [Log] Navigating to..https://uk.rs-online.com/web/ 
2020-08-24 15:18:32,727 INFO  [Log] Closing browser after running the Scenario.. 
2020-08-24 15:18:32,727 INFO  [Log] **************************************************************************************** 
2020-08-24 15:18:32,727 INFO  [Log] **                    END SCENARIO EXECUTION Title of your scenario              ** 
2020-08-24 15:18:32,727 INFO  [Log] **************************************************************************************** 
2020-08-24 21:43:17,736 INFO  [Log] **************************************************************************************** 
2020-08-24 21:43:17,737 INFO  [Log] **                    START SCENARIO EXECUTION Title of your scenario** 
2020-08-24 21:43:17,737 INFO  [Log] **************************************************************************************** 
2020-08-24 21:43:17,737 INFO  [Log] initialising properties.. 
2020-08-24 21:43:17,737 INFO  [Log] Properties initialised! 
2020-08-24 21:43:17,737 INFO  [Log] opening browser.. 
2020-08-24 21:43:17,737 INFO  [Log] Chrome.. 
2020-08-24 21:43:25,605 INFO  [Log] Navigating to..https://uk.rs-online.com/web/ 
2020-08-24 21:43:30,773 INFO  [Log] Get to Search Page 
2020-08-24 21:43:30,773 INFO  [Log] Waiting Until Element Is Visible - //*[@id='searchTerm'] 
2020-08-24 21:43:33,532 INFO  [Log] Waiting until page loads completely.. 
2020-08-24 21:43:34,590 INFO  [Log] Checking Element Exists - searchpageLabel 
2020-08-24 21:43:34,615 INFO  [Log] Waiting until page loads completely.. 
2020-08-24 21:43:36,141 INFO  [Log] User is on the Search page 
2020-08-24 21:43:36,143 INFO  [Log] Closing browser after running the Scenario.. 
2020-08-24 21:43:36,144 INFO  [Log] **************************************************************************************** 
2020-08-24 21:43:36,144 INFO  [Log] **                    END SCENARIO EXECUTION Title of your scenario              ** 
2020-08-24 21:43:36,144 INFO  [Log] **************************************************************************************** 
2020-08-24 21:55:59,875 INFO  [Log] **************************************************************************************** 
2020-08-24 21:55:59,876 INFO  [Log] **                    START SCENARIO EXECUTION Title of your scenario** 
2020-08-24 21:55:59,876 INFO  [Log] **************************************************************************************** 
2020-08-24 21:55:59,876 INFO  [Log] initialising properties.. 
2020-08-24 21:55:59,876 INFO  [Log] Properties initialised! 
2020-08-24 21:55:59,876 INFO  [Log] opening browser.. 
2020-08-24 21:55:59,877 INFO  [Log] Chrome.. 
2020-08-24 21:56:07,176 INFO  [Log] Navigating to..https://uk.rs-online.com/web/ 
2020-08-24 21:56:09,598 INFO  [Log] Get to Search Page 
2020-08-24 21:56:09,598 INFO  [Log] Waiting Until Element Is Visible - //*[@id='searchTerm'] 
2020-08-24 21:56:14,966 INFO  [Log] Waiting until page loads completely.. 
2020-08-24 21:56:16,166 INFO  [Log] Checking Element Exists - searchpageLabel 
2020-08-24 21:56:16,197 INFO  [Log] Waiting until page loads completely.. 
2020-08-24 21:56:17,975 INFO  [Log] User is on the Search page 
2020-08-24 21:56:17,975 INFO  [Log] * When the user enters battery into searchLocationText 
2020-08-24 21:56:17,975 INFO  [Log] Waiting Until Element Is Visible - //*[@id='searchTerm'] 
2020-08-24 21:56:18,049 INFO  [Log] Entering data - battery into + searchLocationText 
2020-08-24 21:56:19,248 INFO  [Log] Waiting Until Element Is Visible - //*[@class='section-title'] 
2020-08-24 21:56:19,415 INFO  [Log] Clicking object - autoCompleteSearchLocationLink 
2020-08-24 21:56:22,521 INFO  [Log] Closing browser after running the Scenario.. 
2020-08-24 21:56:22,521 INFO  [Log] **************************************************************************************** 
2020-08-24 21:56:22,521 INFO  [Log] **                    END SCENARIO EXECUTION Title of your scenario              ** 
2020-08-24 21:56:22,521 INFO  [Log] **************************************************************************************** 
2020-08-24 22:27:19,852 INFO  [Log] **************************************************************************************** 
2020-08-24 22:27:19,853 INFO  [Log] **                    START SCENARIO EXECUTION Title of your scenario** 
2020-08-24 22:27:19,853 INFO  [Log] **************************************************************************************** 
2020-08-24 22:27:19,853 INFO  [Log] initialising properties.. 
2020-08-24 22:27:19,853 INFO  [Log] Properties initialised! 
2020-08-24 22:27:19,853 INFO  [Log] opening browser.. 
2020-08-24 22:27:19,853 INFO  [Log] Chrome.. 
2020-08-24 22:27:27,228 INFO  [Log] Navigating to..https://uk.rs-online.com/web/ 
2020-08-24 22:27:30,284 INFO  [Log] Get to Search Page 
2020-08-24 22:27:30,284 INFO  [Log] Waiting Until Element Is Visible - //*[@id='searchTerm'] 
2020-08-24 22:27:33,856 INFO  [Log] Waiting until page loads completely.. 
2020-08-24 22:27:34,889 INFO  [Log] Checking Element Exists - searchpageLabel 
2020-08-24 22:27:34,917 INFO  [Log] Waiting until page loads completely.. 
2020-08-24 22:27:35,925 INFO  [Log] User is on the Search page 
2020-08-24 22:27:35,925 INFO  [Log] * When the user enters battery into searchLocationText 
2020-08-24 22:27:35,925 INFO  [Log] Waiting Until Element Is Visible - //*[@id='searchTerm'] 
2020-08-24 22:27:35,980 INFO  [Log] Entering data - battery into + searchLocationText 
2020-08-24 22:27:37,152 INFO  [Log] Waiting Until Element Is Visible - //*[@class='section-title'] 
2020-08-24 22:27:37,233 INFO  [Log] Clicking object - autoCompleteSearchLocationLink 
2020-08-24 22:27:40,353 INFO  [Log] Waiting until page loads completely.. 
2020-08-24 22:27:41,361 INFO  [Log] Checking Element Exists - headerTitleLabel 
2020-08-24 22:27:41,381 ERROR [Log] AssertionError - User is not on the searched product page 
2020-08-24 22:27:41,382 INFO  [Log] Closing browser after running the Scenario.. 
2020-08-24 22:27:41,382 INFO  [Log] **************************************************************************************** 
2020-08-24 22:27:41,382 INFO  [Log] **                    END SCENARIO EXECUTION Title of your scenario              ** 
2020-08-24 22:27:41,382 INFO  [Log] **************************************************************************************** 
2020-08-24 22:35:52,084 INFO  [Log] **************************************************************************************** 
2020-08-24 22:35:52,085 INFO  [Log] **                    START SCENARIO EXECUTION Title of your scenario** 
2020-08-24 22:35:52,085 INFO  [Log] **************************************************************************************** 
2020-08-24 22:35:52,085 INFO  [Log] initialising properties.. 
2020-08-24 22:35:52,085 INFO  [Log] Properties initialised! 
2020-08-24 22:35:52,086 INFO  [Log] opening browser.. 
2020-08-24 22:35:52,086 INFO  [Log] Chrome.. 
2020-08-24 22:35:59,411 INFO  [Log] Navigating to..https://uk.rs-online.com/web/ 
2020-08-24 22:36:02,004 INFO  [Log] Get to Search Page 
2020-08-24 22:36:02,004 INFO  [Log] Waiting Until Element Is Visible - //*[@id='searchTerm'] 
2020-08-24 22:36:03,145 INFO  [Log] Waiting until page loads completely.. 
2020-08-24 22:36:04,220 INFO  [Log] Checking Element Exists - searchpageLabel 
2020-08-24 22:36:04,290 INFO  [Log] Waiting until page loads completely.. 
2020-08-24 22:36:05,355 INFO  [Log] User is on the Search page 
2020-08-24 22:36:05,355 INFO  [Log] * When the user enters battery into searchLocationText 
2020-08-24 22:36:05,355 INFO  [Log] Waiting Until Element Is Visible - //*[@id='searchTerm'] 
2020-08-24 22:36:05,426 INFO  [Log] Entering data - battery into + searchLocationText 
2020-08-24 22:36:06,784 INFO  [Log] Waiting Until Element Is Visible - //*[@class='section-title'] 
2020-08-24 22:36:06,878 INFO  [Log] Clicking object - autoCompleteSearchLocationLink 
2020-08-24 22:36:15,342 INFO  [Log] Waiting until page loads completely.. 
2020-08-24 22:36:16,460 INFO  [Log] Checking Element Exists - headerTitleLabel 
2020-08-24 22:36:16,485 INFO  [Log] User is on the searched product page 
2020-08-24 22:36:16,485 INFO  [Log] Waiting until page loads completely.. 
2020-08-24 22:36:17,509 INFO  [Log] Checking Element Exists - logo1 
2020-08-24 22:36:17,536 ERROR [Log] AssertionError - User is not on the selected product page 
2020-08-24 22:36:17,538 INFO  [Log] Closing browser after running the Scenario.. 
2020-08-24 22:36:17,538 INFO  [Log] **************************************************************************************** 
2020-08-24 22:36:17,538 INFO  [Log] **                    END SCENARIO EXECUTION Title of your scenario              ** 
2020-08-24 22:36:17,538 INFO  [Log] **************************************************************************************** 
2020-08-25 13:22:36,079 INFO  [Log] **************************************************************************************** 
2020-08-25 13:22:36,080 INFO  [Log] **                    START SCENARIO EXECUTION Title of your scenario** 
2020-08-25 13:22:36,080 INFO  [Log] **************************************************************************************** 
2020-08-25 13:22:36,080 INFO  [Log] initialising properties.. 
2020-08-25 13:22:36,080 INFO  [Log] Properties initialised! 
2020-08-25 13:22:36,081 INFO  [Log] opening browser.. 
2020-08-25 13:22:36,081 INFO  [Log] Chrome.. 
2020-08-25 13:22:43,124 INFO  [Log] Navigating to..https://uk.rs-online.com/web/ 
2020-08-25 13:22:45,846 INFO  [Log] Get to Search Page 
2020-08-25 13:22:45,846 INFO  [Log] Waiting Until Element Is Visible - //*[@id='searchTerm'] 
2020-08-25 13:22:46,443 INFO  [Log] Waiting until page loads completely.. 
2020-08-25 13:22:48,201 INFO  [Log] Checking Element Exists - searchpageLabel 
2020-08-25 13:22:48,308 INFO  [Log] Waiting until page loads completely.. 
2020-08-25 13:22:49,367 INFO  [Log] User is on the Search page 
2020-08-25 13:22:49,368 INFO  [Log] * When the user enters battery into searchLocationText 
2020-08-25 13:22:49,368 INFO  [Log] Waiting Until Element Is Visible - //*[@id='searchTerm'] 
2020-08-25 13:22:49,452 INFO  [Log] Entering data - battery into + searchLocationText 
2020-08-25 13:22:51,431 INFO  [Log] Waiting Until Element Is Visible - //*[@class='section-title'] 
2020-08-25 13:22:51,581 INFO  [Log] Clicking object - autoCompleteSearchLocationLink 
2020-08-25 13:22:59,896 INFO  [Log] Waiting until page loads completely.. 
2020-08-25 13:23:01,079 INFO  [Log] Checking Element Exists - headerTitleLabel 
2020-08-25 13:23:01,110 INFO  [Log] User is on the searched product page 
2020-08-25 13:23:01,110 INFO  [Log] Waiting until page loads completely.. 
2020-08-25 13:23:02,121 INFO  [Log] Checking Element Exists - logo1 
2020-08-25 13:23:02,148 ERROR [Log] AssertionError - User is not on the selected product page 
2020-08-25 13:23:02,149 INFO  [Log] Closing browser after running the Scenario.. 
2020-08-25 13:23:02,149 INFO  [Log] **************************************************************************************** 
2020-08-25 13:23:02,150 INFO  [Log] **                    END SCENARIO EXECUTION Title of your scenario              ** 
2020-08-25 13:23:02,150 INFO  [Log] **************************************************************************************** 
2020-08-25 13:36:10,555 INFO  [Log] **************************************************************************************** 
2020-08-25 13:36:10,556 INFO  [Log] **                    START SCENARIO EXECUTION Title of your scenario** 
2020-08-25 13:36:10,556 INFO  [Log] **************************************************************************************** 
2020-08-25 13:36:10,556 INFO  [Log] initialising properties.. 
2020-08-25 13:36:10,556 INFO  [Log] Properties initialised! 
2020-08-25 13:36:10,556 INFO  [Log] opening browser.. 
2020-08-25 13:36:10,556 INFO  [Log] Chrome.. 
2020-08-25 13:36:17,433 INFO  [Log] Navigating to..https://uk.rs-online.com/web/ 
2020-08-25 13:36:21,103 INFO  [Log] Get to Search Page 
2020-08-25 13:36:21,103 INFO  [Log] Waiting Until Element Is Visible - //*[@id='searchTerm'] 
2020-08-25 13:36:21,748 INFO  [Log] Waiting until page loads completely.. 
2020-08-25 13:36:23,363 INFO  [Log] Checking Element Exists - searchpageLabel 
2020-08-25 13:36:23,415 INFO  [Log] Waiting until page loads completely.. 
2020-08-25 13:36:24,597 INFO  [Log] User is on the Search page 
2020-08-25 13:36:24,598 INFO  [Log] * When the user enters battery into searchLocationText 
2020-08-25 13:36:24,598 INFO  [Log] Waiting Until Element Is Visible - //*[@id='searchTerm'] 
2020-08-25 13:36:24,661 INFO  [Log] Entering data - battery into + searchLocationText 
2020-08-25 13:36:26,122 INFO  [Log] Waiting Until Element Is Visible - //*[@class='section-title'] 
2020-08-25 13:36:26,235 INFO  [Log] Clicking object - autoCompleteSearchLocationLink 
2020-08-25 13:36:33,592 INFO  [Log] Waiting until page loads completely.. 
2020-08-25 13:36:34,624 INFO  [Log] Checking Element Exists - headerTitleLabel 
2020-08-25 13:36:34,642 INFO  [Log] User is on the searched product page 
2020-08-25 13:36:34,642 FATAL [Log] Exception - User is not on the searched product page 
2020-08-25 13:36:34,642 INFO  [Log] Waiting until page loads completely.. 
2020-08-25 13:36:35,654 INFO  [Log] Checking Element Exists - logo1 
2020-08-25 13:36:35,684 INFO  [Log] Closing browser after running the Scenario.. 
2020-08-25 13:36:35,684 INFO  [Log] **************************************************************************************** 
2020-08-25 13:36:35,684 INFO  [Log] **                    END SCENARIO EXECUTION Title of your scenario              ** 
2020-08-25 13:36:35,684 INFO  [Log] **************************************************************************************** 
2020-08-25 13:40:41,596 INFO  [Log] **************************************************************************************** 
2020-08-25 13:40:41,597 INFO  [Log] **                    START SCENARIO EXECUTION Title of your scenario** 
2020-08-25 13:40:41,597 INFO  [Log] **************************************************************************************** 
2020-08-25 13:40:41,597 INFO  [Log] initialising properties.. 
2020-08-25 13:40:41,597 INFO  [Log] Properties initialised! 
2020-08-25 13:40:41,597 INFO  [Log] opening browser.. 
2020-08-25 13:40:41,597 INFO  [Log] Chrome.. 
2020-08-25 13:40:48,864 INFO  [Log] Navigating to..https://uk.rs-online.com/web/ 
2020-08-25 13:40:51,111 INFO  [Log] Get to Search Page 
2020-08-25 13:40:51,111 INFO  [Log] Waiting Until Element Is Visible - //*[@id='searchTerm'] 
2020-08-25 13:40:51,644 INFO  [Log] Waiting until page loads completely.. 
2020-08-25 13:40:52,999 INFO  [Log] Checking Element Exists - searchpageLabel 
2020-08-25 13:40:53,022 INFO  [Log] Waiting until page loads completely.. 
2020-08-25 13:40:54,038 INFO  [Log] User is on the Search page 
2020-08-25 13:40:54,039 INFO  [Log] * When the user enters battery into searchLocationText 
2020-08-25 13:40:54,039 INFO  [Log] Waiting Until Element Is Visible - //*[@id='searchTerm'] 
2020-08-25 13:40:54,169 INFO  [Log] Entering data - battery into + searchLocationText 
2020-08-25 13:40:55,421 INFO  [Log] Waiting Until Element Is Visible - //*[@class='section-title'] 
2020-08-25 13:40:55,749 INFO  [Log] Clicking object - autoCompleteSearchLocationLink 
2020-08-25 13:41:03,329 INFO  [Log] Waiting until page loads completely.. 
2020-08-25 13:41:04,369 INFO  [Log] Checking Element Exists - headerTitleLabel 
2020-08-25 13:41:07,395 INFO  [Log] Waiting until page loads completely.. 
2020-08-25 13:41:08,405 INFO  [Log] Checking Element Exists - logo1 
2020-08-25 13:41:11,432 INFO  [Log] Waiting until page loads completely.. 
2020-08-25 13:41:12,440 INFO  [Log] Checking Element Exists - icon 
2020-08-25 13:41:12,457 ERROR [Log] AssertionError - User is not on the basket page 
2020-08-25 13:41:12,459 INFO  [Log] Closing browser after running the Scenario.. 
2020-08-25 13:41:12,459 INFO  [Log] **************************************************************************************** 
2020-08-25 13:41:12,459 INFO  [Log] **                    END SCENARIO EXECUTION Title of your scenario              ** 
2020-08-25 13:41:12,459 INFO  [Log] **************************************************************************************** 
2020-08-25 13:47:19,229 INFO  [Log] **************************************************************************************** 
2020-08-25 13:47:19,230 INFO  [Log] **                    START SCENARIO EXECUTION Title of your scenario** 
2020-08-25 13:47:19,230 INFO  [Log] **************************************************************************************** 
2020-08-25 13:47:19,230 INFO  [Log] initialising properties.. 
2020-08-25 13:47:19,230 INFO  [Log] Properties initialised! 
2020-08-25 13:47:19,230 INFO  [Log] opening browser.. 
2020-08-25 13:47:19,230 INFO  [Log] Chrome.. 
2020-08-25 13:47:26,063 INFO  [Log] Navigating to..https://uk.rs-online.com/web/ 
2020-08-25 13:47:29,796 INFO  [Log] Get to Search Page 
2020-08-25 13:47:29,796 INFO  [Log] Waiting Until Element Is Visible - //*[@id='searchTerm'] 
2020-08-25 13:47:30,337 INFO  [Log] Waiting until page loads completely.. 
2020-08-25 13:47:33,180 INFO  [Log] Checking Element Exists - searchpageLabel 
2020-08-25 13:47:33,507 INFO  [Log] Waiting until page loads completely.. 
2020-08-25 13:47:35,195 INFO  [Log] User is on the Search page 
2020-08-25 13:47:35,195 INFO  [Log] * When the user enters battery into searchLocationText 
2020-08-25 13:47:35,195 INFO  [Log] Waiting Until Element Is Visible - //*[@id='searchTerm'] 
2020-08-25 13:47:35,278 INFO  [Log] Entering data - battery into + searchLocationText 
2020-08-25 13:47:36,464 INFO  [Log] Waiting Until Element Is Visible - //*[@class='section-title'] 
2020-08-25 13:47:36,563 INFO  [Log] Clicking object - autoCompleteSearchLocationLink 
2020-08-25 13:47:43,681 INFO  [Log] Waiting until page loads completely.. 
2020-08-25 13:47:44,757 INFO  [Log] Checking Element Exists - headerTitleLabel 
2020-08-25 13:47:47,779 INFO  [Log] Waiting until page loads completely.. 
2020-08-25 13:47:48,797 INFO  [Log] Checking Element Exists - logo1 
2020-08-25 13:47:51,822 INFO  [Log] Waiting until page loads completely.. 
2020-08-25 13:47:52,831 INFO  [Log] Checking Element Exists - icon 
2020-08-25 13:47:55,852 INFO  [Log] Waiting until page loads completely.. 
2020-08-25 13:47:56,861 INFO  [Log] * the added product for result page 1 
2020-08-25 13:47:56,862 INFO  [Log] Reading label from - viewbasket 
2020-08-25 13:47:56,901 ERROR [Log] AssertionError - product results page 
2020-08-25 13:47:56,902 INFO  [Log] Closing browser after running the Scenario.. 
2020-08-25 13:47:56,902 INFO  [Log] **************************************************************************************** 
2020-08-25 13:47:56,902 INFO  [Log] **                    END SCENARIO EXECUTION Title of your scenario              ** 
2020-08-25 13:47:56,902 INFO  [Log] **************************************************************************************** 
2020-08-25 14:03:35,699 INFO  [Log] **************************************************************************************** 
2020-08-25 14:03:35,699 INFO  [Log] **                    START SCENARIO EXECUTION Title of your scenario** 
2020-08-25 14:03:35,699 INFO  [Log] **************************************************************************************** 
2020-08-25 14:03:35,699 INFO  [Log] initialising properties.. 
2020-08-25 14:03:35,699 INFO  [Log] Properties initialised! 
2020-08-25 14:03:35,700 INFO  [Log] opening browser.. 
2020-08-25 14:03:35,700 INFO  [Log] Chrome.. 
2020-08-25 14:03:42,655 INFO  [Log] Navigating to..https://uk.rs-online.com/web/ 
2020-08-25 14:03:45,653 INFO  [Log] Get to Search Page 
2020-08-25 14:03:45,654 INFO  [Log] Waiting Until Element Is Visible - //*[@id='searchTerm'] 
2020-08-25 14:03:46,419 INFO  [Log] Waiting until page loads completely.. 
2020-08-25 14:03:48,237 INFO  [Log] Checking Element Exists - searchpageLabel 
2020-08-25 14:03:48,269 INFO  [Log] Waiting until page loads completely.. 
2020-08-25 14:03:49,717 INFO  [Log] User is on the Search page 
2020-08-25 14:03:49,718 INFO  [Log] * When the user enters battery into searchLocationText 
2020-08-25 14:03:49,718 INFO  [Log] Waiting Until Element Is Visible - //*[@id='searchTerm'] 
2020-08-25 14:03:49,867 INFO  [Log] Entering data - battery into + searchLocationText 
2020-08-25 14:03:51,661 INFO  [Log] Waiting Until Element Is Visible - //*[@class='section-title'] 
2020-08-25 14:03:51,767 INFO  [Log] Clicking object - autoCompleteSearchLocationLink 
2020-08-25 14:03:59,900 INFO  [Log] Waiting until page loads completely.. 
2020-08-25 14:04:00,980 INFO  [Log] Checking Element Exists - headerTitleLabel 
2020-08-25 14:04:04,006 INFO  [Log] Waiting until page loads completely.. 
2020-08-25 14:04:05,012 INFO  [Log] Checking Element Exists - productname 
2020-08-25 14:04:09,250 INFO  [Log] Waiting until page loads completely.. 
2020-08-25 14:04:12,182 INFO  [Log] Checking Element Exists - logo1 
2020-08-25 14:04:16,183 INFO  [Log] Waiting until page loads completely.. 
2020-08-25 14:04:17,200 INFO  [Log] Checking Element Exists - icon 
2020-08-25 14:04:26,366 INFO  [Log] Waiting until page loads completely.. 
2020-08-25 14:04:27,429 ERROR [Log] AssertionError - product results page 
2020-08-25 14:04:27,432 INFO  [Log] Closing browser after running the Scenario.. 
2020-08-25 14:04:27,432 INFO  [Log] **************************************************************************************** 
2020-08-25 14:04:27,433 INFO  [Log] **                    END SCENARIO EXECUTION Title of your scenario              ** 
2020-08-25 14:04:27,433 INFO  [Log] **************************************************************************************** 
2020-08-25 16:17:47,488 INFO  [Log] **************************************************************************************** 
2020-08-25 16:17:47,488 INFO  [Log] **                    START SCENARIO EXECUTION Title of your scenario** 
2020-08-25 16:17:47,488 INFO  [Log] **************************************************************************************** 
2020-08-25 16:17:47,488 INFO  [Log] initialising properties.. 
2020-08-25 16:17:47,488 INFO  [Log] Properties initialised! 
2020-08-25 16:17:47,488 INFO  [Log] opening browser.. 
2020-08-25 16:17:47,488 INFO  [Log] Chrome.. 
2020-08-25 16:17:54,523 INFO  [Log] Navigating to..https://uk.rs-online.com/web/ 
2020-08-25 16:17:58,167 INFO  [Log] Get to Search Page 
2020-08-25 16:17:58,167 INFO  [Log] Waiting Until Element Is Visible - //*[@id='searchTerm'] 
2020-08-25 16:18:00,356 INFO  [Log] Waiting until page loads completely.. 
2020-08-25 16:18:01,435 INFO  [Log] Checking Element Exists - searchpageLabel 
2020-08-25 16:18:01,467 INFO  [Log] Waiting until page loads completely.. 
2020-08-25 16:18:02,482 INFO  [Log] User is on the Search page 
2020-08-25 16:18:02,482 INFO  [Log] * When the user enters battery into searchLocationText 
2020-08-25 16:18:02,482 INFO  [Log] Waiting Until Element Is Visible - //*[@id='searchTerm'] 
2020-08-25 16:18:02,585 INFO  [Log] Entering data - battery into + searchLocationText 
2020-08-25 16:18:03,776 INFO  [Log] Waiting Until Element Is Visible - //*[@class='section-title'] 
2020-08-25 16:18:03,860 INFO  [Log] Clicking object - autoCompleteSearchLocationLink 
2020-08-25 16:18:11,227 INFO  [Log] Waiting until page loads completely.. 
2020-08-25 16:18:12,322 INFO  [Log] Checking Element Exists - headerTitleLabel 
2020-08-25 16:18:15,345 INFO  [Log] Waiting until page loads completely.. 
2020-08-25 16:18:16,387 INFO  [Log] Checking Element Exists - productname 
2020-08-25 16:18:19,411 INFO  [Log] Waiting until page loads completely.. 
2020-08-25 16:18:23,655 INFO  [Log] Waiting until page loads completely.. 
2020-08-25 16:18:24,671 INFO  [Log] Checking Element Exists - ProductViewBasket 
2020-08-25 16:18:27,696 INFO  [Log] Waiting until page loads completely.. 
2020-08-25 16:18:28,706 INFO  [Log] Checking Element Exists - AddedProductViewBasket 
2020-08-25 16:18:31,727 INFO  [Log] Waiting until page loads completely.. 
2020-08-25 16:18:32,739 INFO  [Log] * the added product for result page AddedProductViewBasket 
2020-08-25 16:18:35,739 INFO  [Log] Reading label from - battery 
2020-08-25 16:18:35,739 ERROR [Log] AssertionError - product results page 
2020-08-25 16:18:35,739 INFO  [Log] Closing browser after running the Scenario.. 
2020-08-25 16:18:35,739 INFO  [Log] **************************************************************************************** 
2020-08-25 16:18:35,739 INFO  [Log] **                    END SCENARIO EXECUTION Title of your scenario              ** 
2020-08-25 16:18:35,739 INFO  [Log] **************************************************************************************** 
2020-08-25 16:32:45,344 INFO  [Log] **************************************************************************************** 
2020-08-25 16:32:45,344 INFO  [Log] **                    START SCENARIO EXECUTION Title of your scenario** 
2020-08-25 16:32:45,344 INFO  [Log] **************************************************************************************** 
2020-08-25 16:32:45,344 INFO  [Log] initialising properties.. 
2020-08-25 16:32:45,344 INFO  [Log] Properties initialised! 
2020-08-25 16:32:45,344 INFO  [Log] opening browser.. 
2020-08-25 16:32:45,344 INFO  [Log] Chrome.. 
2020-08-25 16:32:52,223 INFO  [Log] Navigating to..https://uk.rs-online.com/web/ 
2020-08-25 16:32:56,719 INFO  [Log] Get to Search Page 
2020-08-25 16:32:56,719 INFO  [Log] Waiting Until Element Is Visible - //*[@id='searchTerm'] 
2020-08-25 16:32:56,911 INFO  [Log] Waiting until page loads completely.. 
2020-08-25 16:32:58,244 INFO  [Log] Checking Element Exists - searchpageLabel 
2020-08-25 16:32:58,264 INFO  [Log] Waiting until page loads completely.. 
2020-08-25 16:32:59,319 INFO  [Log] User is on the Search page 
2020-08-25 16:32:59,319 INFO  [Log] * When the user enters battery into searchLocationText 
2020-08-25 16:32:59,319 INFO  [Log] Waiting Until Element Is Visible - //*[@id='searchTerm'] 
2020-08-25 16:32:59,498 INFO  [Log] Entering data - battery into + searchLocationText 
2020-08-25 16:33:00,705 INFO  [Log] Waiting Until Element Is Visible - //*[@class='section-title'] 
2020-08-25 16:33:00,900 INFO  [Log] Clicking object - autoCompleteSearchLocationLink 
2020-08-25 16:33:08,334 INFO  [Log] Waiting until page loads completely.. 
2020-08-25 16:33:09,385 INFO  [Log] Checking Element Exists - headerTitleLabel 
2020-08-25 16:33:12,408 INFO  [Log] Waiting until page loads completely.. 
2020-08-25 16:33:13,441 INFO  [Log] Checking Element Exists - productname 
2020-08-25 16:33:16,465 INFO  [Log] Waiting until page loads completely.. 
2020-08-25 16:33:20,746 INFO  [Log] Waiting until page loads completely.. 
2020-08-25 16:33:21,765 INFO  [Log] Checking Element Exists - ProductViewBasket 
2020-08-25 16:33:24,809 INFO  [Log] Waiting until page loads completely.. 
2020-08-25 16:33:25,819 INFO  [Log] * the added product for result page AddedProductViewBasket 
2020-08-25 16:33:25,819 INFO  [Log] Reading label from - battery 
2020-08-25 16:33:25,819 ERROR [Log] AssertionError - product results page 
2020-08-25 16:33:25,823 INFO  [Log] Closing browser after running the Scenario.. 
2020-08-25 16:33:25,823 INFO  [Log] **************************************************************************************** 
2020-08-25 16:33:25,823 INFO  [Log] **                    END SCENARIO EXECUTION Title of your scenario              ** 
2020-08-25 16:33:25,823 INFO  [Log] **************************************************************************************** 
2020-08-25 16:56:21,805 INFO  [Log] **************************************************************************************** 
2020-08-25 16:56:21,809 INFO  [Log] **                    START SCENARIO EXECUTION Title of your scenario** 
2020-08-25 16:56:21,809 INFO  [Log] **************************************************************************************** 
2020-08-25 16:56:21,809 INFO  [Log] initialising properties.. 
2020-08-25 16:56:21,809 INFO  [Log] Properties initialised! 
2020-08-25 16:56:21,809 INFO  [Log] opening browser.. 
2020-08-25 16:56:21,809 INFO  [Log] Chrome.. 
2020-08-25 16:56:28,642 INFO  [Log] Navigating to..https://uk.rs-online.com/web/ 
2020-08-25 16:56:32,009 INFO  [Log] Get to Search Page 
2020-08-25 16:56:32,009 INFO  [Log] Waiting Until Element Is Visible - //*[@id='searchTerm'] 
2020-08-25 16:56:32,840 INFO  [Log] Waiting until page loads completely.. 
2020-08-25 16:56:33,995 INFO  [Log] Checking Element Exists - searchpageLabel 
2020-08-25 16:56:34,047 INFO  [Log] Waiting until page loads completely.. 
2020-08-25 16:56:35,065 INFO  [Log] User is on the Search page 
2020-08-25 16:56:35,065 INFO  [Log] * When the user enters battery into searchLocationText 
2020-08-25 16:56:35,065 INFO  [Log] Waiting Until Element Is Visible - //*[@id='searchTerm'] 
2020-08-25 16:56:36,396 INFO  [Log] Entering data - battery into + searchLocationText 
2020-08-25 16:56:37,610 INFO  [Log] Waiting Until Element Is Visible - //*[@class='section-title'] 
2020-08-25 16:56:37,718 INFO  [Log] Clicking object - autoCompleteSearchLocationLink 
2020-08-25 16:56:45,076 INFO  [Log] Waiting until page loads completely.. 
2020-08-25 16:56:46,162 INFO  [Log] Checking Element Exists - headerTitleLabel 
2020-08-25 16:56:49,189 INFO  [Log] Waiting until page loads completely.. 
2020-08-25 16:56:50,221 INFO  [Log] Checking Element Exists - productname 
2020-08-25 16:56:53,254 INFO  [Log] Waiting until page loads completely.. 
2020-08-25 16:56:57,492 INFO  [Log] Waiting until page loads completely.. 
2020-08-25 16:56:58,515 INFO  [Log] Checking Element Exists - ProductViewBasket 
2020-08-25 16:57:01,550 INFO  [Log] Waiting until page loads completely.. 
2020-08-25 16:57:02,569 INFO  [Log] Checking Element Exists - AddedProductViewBasket 
2020-08-25 16:57:05,612 INFO  [Log] Closing browser after running the Scenario.. 
2020-08-25 16:57:05,612 INFO  [Log] **************************************************************************************** 
2020-08-25 16:57:05,612 INFO  [Log] **                    END SCENARIO EXECUTION Title of your scenario              ** 
2020-08-25 16:57:05,612 INFO  [Log] **************************************************************************************** 
2020-08-25 21:38:20,613 INFO  [Log] **************************************************************************************** 
2020-08-25 21:38:20,613 INFO  [Log] **                    START SCENARIO EXECUTION Title of your scenario** 
2020-08-25 21:38:20,613 INFO  [Log] **************************************************************************************** 
2020-08-25 21:38:20,613 INFO  [Log] initialising properties.. 
2020-08-25 21:38:20,613 INFO  [Log] Properties initialised! 
2020-08-25 21:38:20,613 INFO  [Log] opening browser.. 
2020-08-25 21:38:20,613 INFO  [Log] Chrome.. 
2020-08-25 21:38:27,608 INFO  [Log] Navigating to..https://uk.rs-online.com/web/ 
2020-08-25 21:38:30,806 INFO  [Log] Get to Search Page 
2020-08-25 21:38:30,806 INFO  [Log] Waiting Until Element Is Visible - //*[@id='searchTerm'] 
2020-08-25 21:38:31,677 INFO  [Log] Waiting until page loads completely.. 
2020-08-25 21:38:33,047 INFO  [Log] Checking Element Exists - searchpageLabel 
2020-08-25 21:38:33,251 INFO  [Log] Waiting until page loads completely.. 
2020-08-25 21:38:34,989 INFO  [Log] User is on the Search page 
2020-08-25 21:38:34,989 INFO  [Log] * When the user enters battery into searchLocationText 
2020-08-25 21:38:34,989 INFO  [Log] Waiting Until Element Is Visible - //*[@id='searchTerm'] 
2020-08-25 21:38:35,060 INFO  [Log] Entering data - battery into + searchLocationText 
2020-08-25 21:38:36,507 INFO  [Log] Waiting Until Element Is Visible - //*[@class='section-title'] 
2020-08-25 21:38:36,598 INFO  [Log] Clicking object - autoCompleteSearchLocationLink 
2020-08-25 21:38:44,013 INFO  [Log] Waiting until page loads completely.. 
2020-08-25 21:38:45,156 INFO  [Log] Checking Element Exists - headerTitleLabel 
2020-08-25 21:38:48,186 INFO  [Log] Waiting until page loads completely.. 
2020-08-25 21:38:49,202 INFO  [Log] Checking Element Exists - productname 
2020-08-25 21:38:52,239 INFO  [Log] Waiting until page loads completely.. 
2020-08-25 21:38:56,567 INFO  [Log] Waiting until page loads completely.. 
2020-08-25 21:38:57,590 INFO  [Log] Checking Element Exists - ProductViewBasket 
2020-08-25 21:39:00,620 INFO  [Log] Waiting until page loads completely.. 
2020-08-25 21:39:01,637 INFO  [Log] Checking Element Exists - AddedProductViewBasket 
2020-08-25 21:39:04,672 INFO  [Log] Closing browser after running the Scenario.. 
2020-08-25 21:39:04,672 INFO  [Log] **************************************************************************************** 
2020-08-25 21:39:04,672 INFO  [Log] **                    END SCENARIO EXECUTION Title of your scenario              ** 
2020-08-25 21:39:04,672 INFO  [Log] **************************************************************************************** 
2020-09-07 23:25:57,629 INFO  [Log] **************************************************************************************** 
2020-09-07 23:25:57,630 INFO  [Log] **                    START SCENARIO EXECUTION Title of your scenario** 
2020-09-07 23:25:57,630 INFO  [Log] **************************************************************************************** 
2020-09-07 23:25:57,630 INFO  [Log] initialising properties.. 
2020-09-07 23:25:57,630 INFO  [Log] Properties initialised! 
2020-09-07 23:25:57,631 INFO  [Log] opening browser.. 
2020-09-07 23:25:57,631 INFO  [Log] Chrome.. 
2020-09-07 23:26:04,555 INFO  [Log] Navigating to..https://uk.rs-online.com/web/ 
2020-09-07 23:26:06,949 INFO  [Log] Get to Search Page 
2020-09-07 23:26:06,949 INFO  [Log] Waiting Until Element Is Visible - //*[@id='searchTerm'] 
2020-09-07 23:26:07,597 INFO  [Log] Waiting until page loads completely.. 
2020-09-07 23:26:09,688 INFO  [Log] Checking Element Exists - searchpageLabel 
2020-09-07 23:26:09,737 INFO  [Log] Waiting until page loads completely.. 
2020-09-07 23:26:10,810 INFO  [Log] User is on the Search page 
2020-09-07 23:26:10,811 INFO  [Log] * When the user enters battery into searchLocationText 
2020-09-07 23:26:10,811 INFO  [Log] Waiting Until Element Is Visible - //*[@id='searchTerm'] 
2020-09-07 23:26:10,878 INFO  [Log] Entering data - battery into + searchLocationText 
2020-09-07 23:26:12,089 INFO  [Log] Waiting Until Element Is Visible - //*[@class='section-title'] 
2020-09-07 23:26:12,242 INFO  [Log] Clicking object - autoCompleteSearchLocationLink 
2020-09-07 23:26:19,423 INFO  [Log] Waiting until page loads completely.. 
2020-09-07 23:26:20,507 INFO  [Log] Checking Element Exists - headerTitleLabel 
2020-09-07 23:26:23,536 INFO  [Log] Waiting until page loads completely.. 
2020-09-07 23:26:24,575 INFO  [Log] Checking Element Exists - productname 
2020-09-07 23:26:27,608 INFO  [Log] Waiting until page loads completely.. 
2020-09-07 23:26:31,902 INFO  [Log] Waiting until page loads completely.. 
2020-09-07 23:26:32,950 INFO  [Log] Checking Element Exists - ProductViewBasket 
2020-09-07 23:26:35,987 INFO  [Log] Waiting until page loads completely.. 
2020-09-07 23:26:37,018 INFO  [Log] Checking Element Exists - AddedProductViewBasket 
2020-09-07 23:26:40,068 INFO  [Log] Closing browser after running the Scenario.. 
2020-09-07 23:26:40,068 INFO  [Log] **************************************************************************************** 
2020-09-07 23:26:40,069 INFO  [Log] **                    END SCENARIO EXECUTION Title of your scenario              ** 
2020-09-07 23:26:40,069 INFO  [Log] **************************************************************************************** 
